<?xml version="1.0" encoding="UTF-8"?>
<testsuite xmlns:xsi="http://www.w3.org/2001/XMLSchema-instance" xsi:noNamespaceSchemaLocation="https://maven.apache.org/surefire/maven-surefire-plugin/xsd/surefire-test-report-3.0.xsd" version="3.0" name="com.ecommerce.app.warehouse.application.service.WarehouseApplicationServiceTest" time="4.184" tests="6" errors="0" skipped="0" failures="0">
  <properties>
[...]
</properties>
  <testcase name="testUpdateStock" classname="com.ecommerce.app.warehouse.application.service.WarehouseApplicationServiceTest" time="0.537">
    <system-out><![CDATA[
  .   ____          _            __ _ _
 /\\ / ___'_ __ _ _(_)_ __  __ _ \ \ \ \
( ( )\___ | '_ | '_| | '_ \/ _` | \ \ \ \
 \\/  ___)| |_)| | | | | || (_| |  ) ) ) )
  '  |____| .__|_| |_|_| |_\__, | / / / /
 =========|_|==============|___/=/_/_/_/

 :: Spring Boot ::                (v3.3.4)

2025-01-11T19:29:33.756+07:00  INFO 32180 --- [           main] .a.w.a.s.WarehouseApplicationServiceTest : Starting WarehouseApplicationServiceTest using Java 17.0.12 with PID 32180 (started by TECH-MUHAMMAD ASKAR in C:\Users\TECH-MUHAMMAD ASKAR\IdeaProjects\e-commerce\warehouse-service\warehouse-domain\warehouse-application-service)
2025-01-11T19:29:33.759+07:00  INFO 32180 --- [           main] .a.w.a.s.WarehouseApplicationServiceTest : No active profile set, falling back to 1 default profile: "default"
2025-01-11T19:29:36.607+07:00  INFO 32180 --- [           main] .a.w.a.s.WarehouseApplicationServiceTest : Started WarehouseApplicationServiceTest in 3.137 seconds (process running for 4.045)
2025-01-11T19:29:36.837+07:00  INFO 32180 --- [           main] c.e.a.c.a.service.GlobalVerifyJWT        : token: eyJhbGciOiJIUzI1NiIsInR5cCI6IkpXVCJ9.eyJzdWIiOiIyMjJlNDU2Ny1lODliLTEyZDMtYTQ1Ni00MjY2MTQxNzQwMDEiLCJlbWFpbCI6IndhcmVob3VzZWFkbWluMUBnbWFpbC5jb20iLCJyb2xlIjoiV0FSRUhPVVNFX0FETUlOIiwiaXNfZW1haWxfdmVyaWZpZWQiOnRydWUsIndhcmVob3VzZV9pZCI6IjhiNjIyYWJlLWI0YzYtNDU0MC04NGRmLTdkYzBlOTc1MjUyOSIsImlhdCI6MTczNjI5MDYxNCwiZXhwIjoxNzY3ODI2NjE0fQ.-zhhRawQB6O5gjlEyEImMHbS8ATVvfB6hmPz3KrCqow
2025-01-11T19:29:37.199+07:00  INFO 32180 --- [           main] c.e.a.w.d.service.WarehouseStockHelper   : Stock journal saved successfully with id: com.ecommerce.app.warehouse.domain.core.valueobject.StockJournalId@cc988d0d
2025-01-11T19:29:37.202+07:00  INFO 32180 --- [           main] c.e.a.w.d.service.WarehouseStockHelper   : Stock saved successfully with id: com.ecommerce.app.warehouse.domain.core.valueobject.StockId@aa996a53
Message: Stock updated successfully
]]></system-out>
  </testcase>
  <testcase name="testCreateStockWithWrongWarehouseAdmin" classname="com.ecommerce.app.warehouse.application.service.WarehouseApplicationServiceTest" time="0.007">
    <system-out><![CDATA[2025-01-11T19:29:37.239+07:00  INFO 32180 --- [           main] c.e.a.c.a.service.GlobalVerifyJWT        : token: eyJhbGciOiJIUzI1NiIsInR5cCI6IkpXVCJ9.eyJzdWIiOiIzMzNlNDU2Ny1lODliLTEyZDMtYTQ1Ni00MjY2MTQxNzQwMDIiLCJlbWFpbCI6IndhcmVob3VzZWFkbWluMkBnbWFpbC5jb20iLCJyb2xlIjoiV0FSRUhPVVNFX0FETUlOIiwiaXNfZW1haWxfdmVyaWZpZWQiOnRydWUsIndhcmVob3VzZV9pZCI6ImEwNGFkZjY5LTExYTUtNDQwZi1hNmI5LTU2ZDlhNzE4ZTlhNyIsImlhdCI6MTczNjI5NjM2NiwiZXhwIjoxNzY3ODMyMzY2fQ.OzPKhBzi9Ta0IMzE2YSvUzvNqqn4rZj7HylV_xFr4Kg
]]></system-out>
  </testcase>
  <testcase name="testCreateStock" classname="com.ecommerce.app.warehouse.application.service.WarehouseApplicationServiceTest" time="0.008">
    <system-out><![CDATA[2025-01-11T19:29:37.245+07:00  INFO 32180 --- [           main] c.e.a.c.a.service.GlobalVerifyJWT        : token: eyJhbGciOiJIUzI1NiIsInR5cCI6IkpXVCJ9.eyJzdWIiOiIyMjJlNDU2Ny1lODliLTEyZDMtYTQ1Ni00MjY2MTQxNzQwMDEiLCJlbWFpbCI6IndhcmVob3VzZWFkbWluMUBnbWFpbC5jb20iLCJyb2xlIjoiV0FSRUhPVVNFX0FETUlOIiwiaXNfZW1haWxfdmVyaWZpZWQiOnRydWUsIndhcmVob3VzZV9pZCI6IjhiNjIyYWJlLWI0YzYtNDU0MC04NGRmLTdkYzBlOTc1MjUyOSIsImlhdCI6MTczNjI5MDYxNCwiZXhwIjoxNzY3ODI2NjE0fQ.-zhhRawQB6O5gjlEyEImMHbS8ATVvfB6hmPz3KrCqow
2025-01-11T19:29:37.248+07:00  INFO 32180 --- [           main] c.e.a.w.d.service.WarehouseStockHelper   : Stock journal saved successfully with id: com.ecommerce.app.warehouse.domain.core.valueobject.StockJournalId@17f9bf77
2025-01-11T19:29:37.248+07:00  INFO 32180 --- [           main] c.e.a.w.d.service.WarehouseStockHelper   : Stock saved successfully with id: com.ecommerce.app.warehouse.domain.core.valueobject.StockId@83f3c3f1
Message: Stock created successfully
]]></system-out>
  </testcase>
  <testcase name="testCreateWarehouse" classname="com.ecommerce.app.warehouse.application.service.WarehouseApplicationServiceTest" time="0.007">
    <system-out><![CDATA[2025-01-11T19:29:37.252+07:00  INFO 32180 --- [           main] c.e.a.w.domain.service.WarehouseHelper   : Warehouse created with id: 71de7dc7-51a9-4858-83b3-7ba811b3f8c9
Warehouse ID: 71de7dc7-51a9-4858-83b3-7ba811b3f8c9
Message: warehouse created successfully
]]></system-out>
  </testcase>
  <testcase name="testUpdateStockWithWrongWarehouseAdmin" classname="com.ecommerce.app.warehouse.application.service.WarehouseApplicationServiceTest" time="0.005">
    <system-out><![CDATA[2025-01-11T19:29:37.261+07:00  INFO 32180 --- [           main] c.e.a.c.a.service.GlobalVerifyJWT        : token: eyJhbGciOiJIUzI1NiIsInR5cCI6IkpXVCJ9.eyJzdWIiOiIzMzNlNDU2Ny1lODliLTEyZDMtYTQ1Ni00MjY2MTQxNzQwMDIiLCJlbWFpbCI6IndhcmVob3VzZWFkbWluMkBnbWFpbC5jb20iLCJyb2xlIjoiV0FSRUhPVVNFX0FETUlOIiwiaXNfZW1haWxfdmVyaWZpZWQiOnRydWUsIndhcmVob3VzZV9pZCI6ImEwNGFkZjY5LTExYTUtNDQwZi1hNmI5LTU2ZDlhNzE4ZTlhNyIsImlhdCI6MTczNjI5NjM2NiwiZXhwIjoxNzY3ODMyMzY2fQ.OzPKhBzi9Ta0IMzE2YSvUzvNqqn4rZj7HylV_xFr4Kg
]]></system-out>
  </testcase>
  <testcase name="testCreateStockWithProductNotFound(CapturedOutput)" classname="com.ecommerce.app.warehouse.application.service.WarehouseApplicationServiceTest" time="0.017">
    <system-out><![CDATA[2025-01-11T19:29:37.274+07:00  INFO 32180 --- [           main] c.e.a.c.a.service.GlobalVerifyJWT        : token: eyJhbGciOiJIUzI1NiIsInR5cCI6IkpXVCJ9.eyJzdWIiOiIyMjJlNDU2Ny1lODliLTEyZDMtYTQ1Ni00MjY2MTQxNzQwMDEiLCJlbWFpbCI6IndhcmVob3VzZWFkbWluMUBnbWFpbC5jb20iLCJyb2xlIjoiV0FSRUhPVVNFX0FETUlOIiwiaXNfZW1haWxfdmVyaWZpZWQiOnRydWUsIndhcmVob3VzZV9pZCI6IjhiNjIyYWJlLWI0YzYtNDU0MC04NGRmLTdkYzBlOTc1MjUyOSIsImlhdCI6MTczNjI5MDYxNCwiZXhwIjoxNzY3ODI2NjE0fQ.-zhhRawQB6O5gjlEyEImMHbS8ATVvfB6hmPz3KrCqow
2025-01-11T19:29:37.276+07:00 ERROR 32180 --- [           main] c.e.a.w.domain.service.ProductHelper     : Product with id 111e4567-e89b-12d3-a456-426614174000 not found
]]></system-out>
  </testcase>
</testsuite>