<?xml version="1.0" encoding="UTF-8"?>
<testsuite xmlns:xsi="http://www.w3.org/2001/XMLSchema-instance" xsi:noNamespaceSchemaLocation="https://maven.apache.org/surefire/maven-surefire-plugin/xsd/surefire-test-report-3.0.xsd" version="3.0" name="com.ecommerce.app.payment.application.service.PaymentApplicationServiceTest" time="4.595" tests="3" errors="0" skipped="0" failures="0">
  <properties>
[...]
</properties>
  <testcase name="testUploadPaymentProof(CapturedOutput)" classname="com.ecommerce.app.payment.application.service.PaymentApplicationServiceTest" time="0.741">
    <system-out><![CDATA[
  .   ____          _            __ _ _
 /\\ / ___'_ __ _ _(_)_ __  __ _ \ \ \ \
( ( )\___ | '_ | '_| | '_ \/ _` | \ \ \ \
 \\/  ___)| |_)| | | | | || (_| |  ) ) ) )
  '  |____| .__|_| |_|_| |_\__, | / / / /
 =========|_|==============|___/=/_/_/_/

 :: Spring Boot ::                (v3.3.4)

2025-01-11T19:59:03.860+07:00  INFO 21056 --- [           main] .e.a.p.a.s.PaymentApplicationServiceTest : Starting PaymentApplicationServiceTest using Java 17.0.12 with PID 21056 (started by TECH-MUHAMMAD ASKAR in C:\Users\TECH-MUHAMMAD ASKAR\IdeaProjects\e-commerce\payment-service\payment-domain\payment-application-service)
2025-01-11T19:59:03.863+07:00  INFO 21056 --- [           main] .e.a.p.a.s.PaymentApplicationServiceTest : No active profile set, falling back to 1 default profile: "default"
2025-01-11T19:59:06.640+07:00  INFO 21056 --- [           main] .e.a.p.a.s.PaymentApplicationServiceTest : Started PaymentApplicationServiceTest in 3.156 seconds (process running for 4.451)
Test uploadPaymentProof
2025-01-11T19:59:07.051+07:00  INFO 21056 --- [           main] c.e.a.p.a.service.PaymentHandler         : Creating payment proof for order with id: de13b59b-251d-4514-81f3-743b2869b1e8
2025-01-11T19:59:07.056+07:00  INFO 21056 --- [           main] c.e.a.p.a.service.PaymentHelper          : Creating payment proof for order with id: de13b59b-251d-4514-81f3-743b2869b1e8
2025-01-11T19:59:07.056+07:00  INFO 21056 --- [           main] c.e.a.c.a.service.GlobalVerifyJWT        : token: eyJhbGciOiJIUzI1NiIsInR5cCI6IkpXVCJ9.eyJzdWIiOiI0NDRlNDU2Ny1lODliLTEyZDMtYTQ1Ni00MjY2MTQxNzQwMDMiLCJlbWFpbCI6ImN1c3RvbWVyQGdtYWlsLmNvbSIsInJvbGUiOiJDVVNUT01FUiIsImlzX2VtYWlsX3ZlcmlmaWVkIjp0cnVlLCJ3YXJlaG91c2VfaWQiOm51bGwsImlhdCI6MTczNjIwMzc1OCwiZXhwIjoxNzY3NzM5NzU4fQ.1vFwvLFvAIfc_XH6zwRs6xHt8Zdkmjdr_hr9dSa4_Hk
]]></system-out>
  </testcase>
  <testcase name="testApprovePayment(CapturedOutput)" classname="com.ecommerce.app.payment.application.service.PaymentApplicationServiceTest" time="0.015">
    <system-out><![CDATA[Test approvePayment
2025-01-11T19:59:07.495+07:00  INFO 21056 --- [           main] c.e.a.p.a.service.PaymentHandler         : Approving payment for order with id: 1755cf95-756e-4822-b4bf-02fc0753ac6c
2025-01-11T19:59:07.495+07:00  INFO 21056 --- [           main] c.e.a.p.a.service.PaymentHelper          : Updating payment status for payment with id: 1755cf95-756e-4822-b4bf-02fc0753ac6c
2025-01-11T19:59:07.495+07:00  INFO 21056 --- [           main] c.e.a.c.a.service.GlobalVerifyJWT        : token: eyJhbGciOiJIUzI1NiIsInR5cCI6IkpXVCJ9.eyJzdWIiOiIyMjJlNDU2Ny1lODliLTEyZDMtYTQ1Ni00MjY2MTQxNzQwMDEiLCJlbWFpbCI6IndhcmVob3VzZWFkbWluMUBnbWFpbC5jb20iLCJyb2xlIjoiV0FSRUhPVVNFX0FETUlOIiwiaXNfZW1haWxfdmVyaWZpZWQiOnRydWUsIndhcmVob3VzZV9pZCI6IjhiNjIyYWJlLWI0YzYtNDU0MC04NGRmLTdkYzBlOTc1MjUyOSIsImlhdCI6MTczNjI5MDYxNCwiZXhwIjoxNzY3ODI2NjE0fQ.-zhhRawQB6O5gjlEyEImMHbS8ATVvfB6hmPz3KrCqow
2025-01-11T19:59:07.497+07:00  INFO 21056 --- [           main] c.e.a.p.a.service.PaymentHelper          : Payment with id: 1755cf95-756e-4822-b4bf-02fc0753ac6c has been approved
]]></system-out>
  </testcase>
  <testcase name="testCreateOrderPayment(CapturedOutput)" classname="com.ecommerce.app.payment.application.service.PaymentApplicationServiceTest" time="0.023">
    <system-out><![CDATA[Test createOrderPayment
2025-01-11T19:59:07.509+07:00  INFO 21056 --- [           main] c.e.a.p.a.service.OrderHandler           : Creating order with id: de13b59b-251d-4514-81f3-743b2869b1e8
2025-01-11T19:59:07.509+07:00  INFO 21056 --- [           main] c.e.a.p.application.service.OrderHelper  : Creating order with id: de13b59b-251d-4514-81f3-743b2869b1e8
2025-01-11T19:59:07.510+07:00  INFO 21056 --- [           main] c.e.a.p.a.service.OrderHandler           : Order created with id: de13b59b-251d-4514-81f3-743b2869b1e8
2025-01-11T19:59:07.510+07:00  INFO 21056 --- [           main] .p.a.s.PaymentRequestMessageListenerImpl : Order Payment created successfully!
]]></system-out>
  </testcase>
</testsuite>